build/outputs/logs/manifest-merger-debug-report.txt
-- Merging decision tree log ---
manifest
ADDED from Projects\yandexmapkit-sample\AndroidManifest.xml:2:1-35:12
	package
		ADDED from Projects\yandexmapkit-sample\AndroidManifest.xml:3:5-28
		INJECTED from Projects\yandexmapkit-sample\AndroidManifest.xml
		INJECTED from Projects\yandexmapkit-sample\AndroidManifest.xml
	android:versionName
		ADDED from Projects\yandexmapkit-sample\AndroidManifest.xml:5:5-30
		INJECTED from Projects\yandexmapkit-sample\AndroidManifest.xml
		INJECTED from Projects\yandexmapkit-sample\AndroidManifest.xml
	android:versionCode
		ADDED from Projects\yandexmapkit-sample\AndroidManifest.xml:4:5-28
		INJECTED from Projects\yandexmapkit-sample\AndroidManifest.xml
		INJECTED from Projects\yandexmapkit-sample\AndroidManifest.xml
	xmlns:android
		ADDED from Projects\yandexmapkit-sample\AndroidManifest.xml:2:11-69
uses-sdk
ADDED from Projects\yandexmapkit-sample\AndroidManifest.xml:7:5-43
MERGED from [com.android.support:appcompat-v7:23.1.1] AndroidManifest.xml:20:5-43
MERGED from [com.android.support:support-v4:23.1.1] AndroidManifest.xml:20:5-43
MERGED from [ru.yandex:yandexmapkit:2.5.4] AndroidManifest.xml:7:5-9:41
	android:targetSdkVersion
		INJECTED from Projects\yandexmapkit-sample\AndroidManifest.xml
		INJECTED from Projects\yandexmapkit-sample\AndroidManifest.xml
	android:minSdkVersion
		ADDED from Projects\yandexmapkit-sample\AndroidManifest.xml:7:15-40
		INJECTED from Projects\yandexmapkit-sample\AndroidManifest.xml
		INJECTED from Projects\yandexmapkit-sample\AndroidManifest.xml
uses-permission#android.permission.INTERNET
ADDED from Projects\yandexmapkit-sample\AndroidManifest.xml:9:5-67
MERGED from [ru.yandex:yandexmapkit:2.5.4] AndroidManifest.xml:16:5-67
	android:name
		ADDED from Projects\yandexmapkit-sample\AndroidManifest.xml:9:22-64
uses-permission#android.permission.ACCESS_COARSE_LOCATION
ADDED from Projects\yandexmapkit-sample\AndroidManifest.xml:10:5-81
MERGED from [ru.yandex:yandexmapkit:2.5.4] AndroidManifest.xml:17:5-81
	android:name
		ADDED from Projects\yandexmapkit-sample\AndroidManifest.xml:10:22-78
uses-permission#android.permission.ACCESS_FINE_LOCATION
ADDED from Projects\yandexmapkit-sample\AndroidManifest.xml:11:5-79
MERGED from [ru.yandex:yandexmapkit:2.5.4] AndroidManifest.xml:18:5-79
	android:name
		ADDED from Projects\yandexmapkit-sample\AndroidManifest.xml:11:22-76
uses-permission#android.permission.WRITE_EXTERNAL_STORAGE
ADDED from Projects\yandexmapkit-sample\AndroidManifest.xml:12:5-81
	android:name
		ADDED from Projects\yandexmapkit-sample\AndroidManifest.xml:12:22-78
uses-permission#android.permission.ACCESS_NETWORK_STATE
ADDED from Projects\yandexmapkit-sample\AndroidManifest.xml:13:5-79
MERGED from [ru.yandex:yandexmapkit:2.5.4] AndroidManifest.xml:19:5-79
	android:name
		ADDED from Projects\yandexmapkit-sample\AndroidManifest.xml:13:22-76
uses-permission#android.permission.ACCESS_WIFI_STATE
ADDED from Projects\yandexmapkit-sample\AndroidManifest.xml:14:5-76
MERGED from [ru.yandex:yandexmapkit:2.5.4] AndroidManifest.xml:20:5-76
	android:name
		ADDED from Projects\yandexmapkit-sample\AndroidManifest.xml:14:22-73
uses-permission#android.permission.CHANGE_WIFI_STATE
ADDED from Projects\yandexmapkit-sample\AndroidManifest.xml:15:5-76
MERGED from [ru.yandex:yandexmapkit:2.5.4] AndroidManifest.xml:21:5-76
	android:name
		ADDED from Projects\yandexmapkit-sample\AndroidManifest.xml:15:22-73
uses-permission#android.permission.READ_PHONE_STATE
ADDED from Projects\yandexmapkit-sample\AndroidManifest.xml:16:5-75
	android:name
		ADDED from Projects\yandexmapkit-sample\AndroidManifest.xml:16:22-72
uses-permission#android.permission.WRITE_SETTINGS
ADDED from Projects\yandexmapkit-sample\AndroidManifest.xml:17:5-73
	android:name
		ADDED from Projects\yandexmapkit-sample\AndroidManifest.xml:17:22-70
application
ADDED from Projects\yandexmapkit-sample\AndroidManifest.xml:21:5-33:19
MERGED from [com.android.support:appcompat-v7:23.1.1] AndroidManifest.xml:22:5-20
MERGED from [com.android.support:support-v4:23.1.1] AndroidManifest.xml:22:5-20
	android:label
		ADDED from Projects\yandexmapkit-sample\AndroidManifest.xml:23:9-41
	android:icon
		ADDED from Projects\yandexmapkit-sample\AndroidManifest.xml:22:9-38
activity#ru.mapkittest.path.MapPathActivity
ADDED from Projects\yandexmapkit-sample\AndroidManifest.xml:24:9-32:20
	android:label
		ADDED from Projects\yandexmapkit-sample\AndroidManifest.xml:26:13-45
	android:name
		ADDED from Projects\yandexmapkit-sample\AndroidManifest.xml:25:13-49
intent-filter#android.intent.action.MAIN+yandex.intent.category.LAUNCHER
ADDED from Projects\yandexmapkit-sample\AndroidManifest.xml:27:13-31:29
action#android.intent.action.MAIN
ADDED from Projects\yandexmapkit-sample\AndroidManifest.xml:28:17-69
	android:name
		ADDED from Projects\yandexmapkit-sample\AndroidManifest.xml:28:25-66
category#yandex.intent.category.LAUNCHER
ADDED from Projects\yandexmapkit-sample\AndroidManifest.xml:30:17-76
	android:name
		ADDED from Projects\yandexmapkit-sample\AndroidManifest.xml:30:27-73
supports-screens
ADDED from [ru.yandex:yandexmapkit:2.5.4] AndroidManifest.xml:11:5-14:39
	android:largeScreens
		ADDED from [ru.yandex:yandexmapkit:2.5.4] AndroidManifest.xml:12:9-36
	android:smallScreens
		ADDED from [ru.yandex:yandexmapkit:2.5.4] AndroidManifest.xml:14:9-36
	android:normalScreens
		ADDED from [ru.yandex:yandexmapkit:2.5.4] AndroidManifest.xml:13:9-37